/*C5*/SET SCHEMA PUBLIC
CONNECT USER SA
DISCONNECT
/*C6*/SET SCHEMA PUBLIC
CONNECT USER SA
/*C7*/SET SCHEMA PUBLIC
CONNECT USER SA
/*C6*/DELETE FROM USER WHERE ID=1
INSERT INTO USER VALUES(1,2,'imad.elali@gmail.com',TRUE,TRUE,TRUE,FALSE,'elalii','b444ac06613fc8d63795be9ad0beaf55011936ac','Imad ELALI')
/*C7*/INSERT INTO USER VALUES(2,0,'mail2nazir@gmail.com',TRUE,TRUE,TRUE,FALSE,'nkhan','a94a8fe5ccb19ba61c4c0873d391e987982fbbd3','Nazir Khan')
DELETE FROM ACCESS_ROLE WHERE ID=1
INSERT INTO ACCESS_ROLE VALUES(1,2,'ROLE_USER','Default Access Role')
DELETE FROM USER WHERE ID=2
INSERT INTO USER VALUES(2,1,'mail2nazir@gmail.com',TRUE,TRUE,TRUE,FALSE,'nkhan','a94a8fe5ccb19ba61c4c0873d391e987982fbbd3','Nazir Khan')
INSERT INTO ACCESS_ROLE_PEOPLE VALUES(1,2)
INSERT INTO PRODUCT VALUES(1,0,'CRDS Migration  to Web Application','CRDS Web',0,'2007-11-03 00:08:00.000000000')
INSERT INTO ROLE VALUES(1,0,'Scrum Master',1,2)
INSERT INTO ROLE VALUES(2,0,'Developer',1,1)
INSERT INTO USER VALUES(3,0,'jeanphilippe.hallot@gmail.com',TRUE,TRUE,TRUE,FALSE,'hallotj','a94a8fe5ccb19ba61c4c0873d391e987982fbbd3','Jean-Philippe Hallot')
DELETE FROM ACCESS_ROLE WHERE ID=1
INSERT INTO ACCESS_ROLE VALUES(1,3,'ROLE_USER','Default Access Role')
DELETE FROM USER WHERE ID=3
INSERT INTO USER VALUES(3,1,'jeanphilippe.hallot@gmail.com',TRUE,TRUE,TRUE,FALSE,'hallotj','a94a8fe5ccb19ba61c4c0873d391e987982fbbd3','Jean-Philippe Hallot')
INSERT INTO ACCESS_ROLE_PEOPLE VALUES(1,3)
INSERT INTO ROLE VALUES(3,0,'Developer',1,3)
