-encoding
UTF-8
-outxml
-source
1.6
-target
1.6
-classpath
/home/itux/.m2/repository/antlr/antlr/2.7.6/antlr-2.7.6.jar:/home/itux/.m2/repository/aopalliance/aopalliance/1.0/aopalliance-1.0.jar:/home/itux/.m2/repository/cglib/cglib-nodep/2.2/cglib-nodep-2.2.jar:/home/itux/.m2/repository/commons-beanutils/commons-beanutils/1.8.0/commons-beanutils-1.8.0.jar:/home/itux/.m2/repository/commons-codec/commons-codec/1.4/commons-codec-1.4.jar:/home/itux/.m2/repository/commons-collections/commons-collections/3.1/commons-collections-3.1.jar:/home/itux/.m2/repository/commons-dbcp/commons-dbcp/1.3/commons-dbcp-1.3.jar:/home/itux/.m2/repository/commons-digester/commons-digester/2.0/commons-digester-2.0.jar:/home/itux/.m2/repository/commons-fileupload/commons-fileupload/1.2.1/commons-fileupload-1.2.1.jar:/home/itux/.m2/repository/commons-pool/commons-pool/1.5.4/commons-pool-1.5.4.jar:/home/itux/.m2/repository/dom4j/dom4j/1.6.1/dom4j-1.6.1.jar:/home/itux/.m2/repository/javassist/javassist/3.12.0.GA/javassist-3.12.0.GA.jar:/home/itux/.m2/repository/javax/el/el-api/1.0/el-api-1.0.jar:/home/itux/.m2/repository/javax/servlet/jstl/1.2/jstl-1.2.jar:/home/itux/.m2/repository/javax/servlet/servlet-api/2.5/servlet-api-2.5.jar:/home/itux/.m2/repository/javax/servlet/jsp/jsp-api/2.1/jsp-api-2.1.jar:/home/itux/.m2/repository/javax/transaction/jta/1.1/jta-1.1.jar:/home/itux/.m2/repository/javax/validation/validation-api/1.0.0.GA/validation-api-1.0.0.GA.jar:/home/itux/.m2/repository/joda-time/joda-time/1.6/joda-time-1.6.jar:/home/itux/.m2/repository/log4j/log4j/1.2.16/log4j-1.2.16.jar:/home/itux/.m2/repository/net/sf/flexjson/flexjson/2.1/flexjson-2.1.jar:/home/itux/.m2/repository/org/apache/derby/derby/10.7.1.1/derby-10.7.1.1.jar:/home/itux/.m2/repository/org/apache/tiles/tiles-api/2.2.1/tiles-api-2.2.1.jar:/home/itux/.m2/repository/org/apache/tiles/tiles-core/2.2.1/tiles-core-2.2.1.jar:/home/itux/.m2/repository/org/apache/tiles/tiles-jsp/2.2.1/tiles-jsp-2.2.1.jar:/home/itux/.m2/repository/org/apache/tiles/tiles-servlet/2.2.1/tiles-servlet-2.2.1.jar:/home/itux/.m2/repository/org/apache/tiles/tiles-template/2.2.1/tiles-template-2.2.1.jar:/home/itux/.m2/repository/org/aspectj/aspectjrt/1.6.11/aspectjrt-1.6.11.jar:/home/itux/.m2/repository/org/aspectj/aspectjweaver/1.6.11/aspectjweaver-1.6.11.jar:/home/itux/.m2/repository/org/hibernate/hibernate-commons-annotations/3.2.0.Final/hibernate-commons-annotations-3.2.0.Final.jar:/home/itux/.m2/repository/org/hibernate/hibernate-core/3.6.3.Final/hibernate-core-3.6.3.Final.jar:/home/itux/.m2/repository/org/hibernate/hibernate-entitymanager/3.6.3.Final/hibernate-entitymanager-3.6.3.Final.jar:/home/itux/.m2/repository/org/hibernate/hibernate-validator/4.1.0.Final/hibernate-validator-4.1.0.Final.jar:/home/itux/.m2/repository/org/hibernate/javax/persistence/hibernate-jpa-2.0-api/1.0.0.Final/hibernate-jpa-2.0-api-1.0.0.Final.jar:/home/itux/.m2/repository/org/slf4j/jcl-over-slf4j/1.6.1/jcl-over-slf4j-1.6.1.jar:/home/itux/.m2/repository/org/slf4j/slf4j-api/1.6.1/slf4j-api-1.6.1.jar:/home/itux/.m2/repository/org/slf4j/slf4j-log4j12/1.6.1/slf4j-log4j12-1.6.1.jar:/home/itux/.m2/repository/org/springframework/spring-aop/3.0.5.RELEASE/spring-aop-3.0.5.RELEASE.jar:/home/itux/.m2/repository/org/springframework/spring-asm/3.0.5.RELEASE/spring-asm-3.0.5.RELEASE.jar:/home/itux/.m2/repository/org/springframework/spring-aspects/3.0.5.RELEASE/spring-aspects-3.0.5.RELEASE.jar:/home/itux/.m2/repository/org/springframework/spring-beans/3.0.5.RELEASE/spring-beans-3.0.5.RELEASE.jar:/home/itux/.m2/repository/org/springframework/spring-context/3.0.5.RELEASE/spring-context-3.0.5.RELEASE.jar:/home/itux/.m2/repository/org/springframework/spring-context-support/3.0.5.RELEASE/spring-context-support-3.0.5.RELEASE.jar:/home/itux/.m2/repository/org/springframework/spring-core/3.0.5.RELEASE/spring-core-3.0.5.RELEASE.jar:/home/itux/.m2/repository/org/springframework/spring-expression/3.0.5.RELEASE/spring-expression-3.0.5.RELEASE.jar:/home/itux/.m2/repository/org/springframework/spring-jdbc/3.0.5.RELEASE/spring-jdbc-3.0.5.RELEASE.jar:/home/itux/.m2/repository/org/springframework/spring-orm/3.0.5.RELEASE/spring-orm-3.0.5.RELEASE.jar:/home/itux/.m2/repository/org/springframework/spring-tx/3.0.5.RELEASE/spring-tx-3.0.5.RELEASE.jar:/home/itux/.m2/repository/org/springframework/spring-web/3.0.5.RELEASE/spring-web-3.0.5.RELEASE.jar:/home/itux/.m2/repository/org/springframework/spring-webmvc/3.0.5.RELEASE/spring-webmvc-3.0.5.RELEASE.jar:/home/itux/.m2/repository/org/springframework/roo/org.springframework.roo.annotations/1.1.4.RELEASE/org.springframework.roo.annotations-1.1.4.RELEASE.jar:/home/itux/.m2/repository/org/springframework/webflow/spring-js-resources/2.2.1.RELEASE/spring-js-resources-2.2.1.RELEASE.jar:/home/itux/Development/scrumTool/target/classes
-aspectpath
/home/itux/.m2/repository/org/springframework/spring-aspects/3.0.5.RELEASE/spring-aspects-3.0.5.RELEASE.jar
-d
/home/itux/Development/scrumTool/target/classes
/home/itux/Development/scrumTool/src/main/java/com/scrumtool/web/ManagemenTaskTypeController.java
/home/itux/Development/scrumTool/src/main/java/com/scrumtool/domain/SprintDay_Roo_JavaBean.aj
/home/itux/Development/scrumTool/src/main/java/com/scrumtool/domain/ManagementTaskType_Roo_JavaBean.aj
/home/itux/Development/scrumTool/src/main/java/com/scrumtool/domain/User_Roo_ToString.aj
/home/itux/Development/scrumTool/src/main/java/com/scrumtool/domain/Team_Roo_Configurable.aj
/home/itux/Development/scrumTool/src/main/java/com/scrumtool/web/ProductBacklogController.java
/home/itux/Development/scrumTool/src/main/java/com/scrumtool/web/BudgetController_Roo_Controller.aj
/home/itux/Development/scrumTool/src/main/java/com/scrumtool/domain/Release_Roo_JavaBean.aj
/home/itux/Development/scrumTool/src/main/java/com/scrumtool/domain/Estimate_Roo_Entity.aj
/home/itux/Development/scrumTool/src/main/java/com/scrumtool/web/TeamController.java
/home/itux/Development/scrumTool/src/main/java/com/scrumtool/domain/Remaining_Roo_Configurable.aj
/home/itux/Development/scrumTool/src/main/java/com/scrumtool/domain/Sprint.java
/home/itux/Development/scrumTool/src/main/java/com/scrumtool/web/JiraController_Roo_Controller.aj
/home/itux/Development/scrumTool/src/main/java/com/scrumtool/domain/Budget_Roo_Configurable.aj
/home/itux/Development/scrumTool/src/main/java/com/scrumtool/web/ActualController.java
/home/itux/Development/scrumTool/src/main/java/com/scrumtool/web/ProductBacklogController_Roo_Controller.aj
/home/itux/Development/scrumTool/src/main/java/com/scrumtool/web/PublicHolidayController_Roo_Controller.aj
/home/itux/Development/scrumTool/src/main/java/com/scrumtool/domain/PublicHoliday_Roo_Configurable.aj
/home/itux/Development/scrumTool/src/main/java/com/scrumtool/domain/Task_Roo_Entity.aj
/home/itux/Development/scrumTool/src/main/java/com/scrumtool/domain/Actual_Roo_Entity.aj
/home/itux/Development/scrumTool/src/main/java/com/scrumtool/domain/SprintDay_Roo_Entity.aj
/home/itux/Development/scrumTool/src/main/java/com/scrumtool/domain/Team.java
/home/itux/Development/scrumTool/src/main/java/com/scrumtool/domain/SprintDay.java
/home/itux/Development/scrumTool/src/main/java/com/scrumtool/web/ManagementTaskTypeController_Roo_Controller.aj
/home/itux/Development/scrumTool/src/main/java/com/scrumtool/web/TeamMemberController_Roo_Controller.aj
/home/itux/Development/scrumTool/src/main/java/com/scrumtool/domain/reference/DevelopmentTaskType.java
/home/itux/Development/scrumTool/src/main/java/com/scrumtool/domain/reference/TaskStatus.java
/home/itux/Development/scrumTool/src/main/java/com/scrumtool/domain/ManagementTask.java
/home/itux/Development/scrumTool/src/main/java/com/scrumtool/domain/User.java
/home/itux/Development/scrumTool/src/main/java/com/scrumtool/domain/reference/HolidayDuration.java
/home/itux/Development/scrumTool/src/main/java/com/scrumtool/domain/Estimate_Roo_ToString.aj
/home/itux/Development/scrumTool/src/main/java/com/scrumtool/domain/Task_Roo_Configurable.aj
/home/itux/Development/scrumTool/src/main/java/com/scrumtool/web/ModuleController_Roo_Controller.aj
/home/itux/Development/scrumTool/src/main/java/com/scrumtool/web/DayOffController_Roo_Controller.aj
/home/itux/Development/scrumTool/src/main/java/com/scrumtool/web/EstimateController.java
/home/itux/Development/scrumTool/src/main/java/com/scrumtool/web/DevelopmentTaskController.java
/home/itux/Development/scrumTool/src/main/java/com/scrumtool/web/LocationController.java
/home/itux/Development/scrumTool/src/main/java/com/scrumtool/domain/ProductBacklog_Roo_Configurable.aj
/home/itux/Development/scrumTool/src/main/java/com/scrumtool/domain/Team_Roo_Entity.aj
/home/itux/Development/scrumTool/src/main/java/com/scrumtool/web/ApplicationConversionServiceFactoryBean.java
/home/itux/Development/scrumTool/src/main/java/com/scrumtool/domain/PublicHoliday_Roo_ToString.aj
/home/itux/Development/scrumTool/src/main/java/com/scrumtool/domain/DevelopmentTask_Roo_Configurable.aj
/home/itux/Development/scrumTool/src/main/java/com/scrumtool/domain/Estimate.java
/home/itux/Development/scrumTool/src/main/java/com/scrumtool/domain/Budget_Roo_JavaBean.aj
/home/itux/Development/scrumTool/src/main/java/com/scrumtool/domain/Location.java
/home/itux/Development/scrumTool/src/main/java/com/scrumtool/domain/ManagementTaskType_Roo_ToString.aj
/home/itux/Development/scrumTool/src/main/java/com/scrumtool/web/DayOffController.java
/home/itux/Development/scrumTool/src/main/java/com/scrumtool/web/ManagementTaskController_Roo_Controller.aj
/home/itux/Development/scrumTool/src/main/java/com/scrumtool/domain/PublicHoliday.java
/home/itux/Development/scrumTool/src/main/java/com/scrumtool/web/TeamController_Roo_Controller.aj
/home/itux/Development/scrumTool/src/main/java/com/scrumtool/domain/Actual.java
/home/itux/Development/scrumTool/src/main/java/com/scrumtool/domain/PublicHoliday_Roo_JavaBean.aj
/home/itux/Development/scrumTool/src/main/java/com/scrumtool/domain/Estimate_Roo_JavaBean.aj
/home/itux/Development/scrumTool/src/main/java/com/scrumtool/domain/Remaining.java
/home/itux/Development/scrumTool/src/main/java/com/scrumtool/web/LocationController_Roo_Controller.aj
/home/itux/Development/scrumTool/src/main/java/com/scrumtool/domain/Sprint_Roo_JavaBean.aj
/home/itux/Development/scrumTool/src/main/java/com/scrumtool/domain/Budget_Roo_Entity.aj
/home/itux/Development/scrumTool/src/main/java/com/scrumtool/domain/Module_Roo_Entity.aj
/home/itux/Development/scrumTool/src/main/java/com/scrumtool/domain/Actual_Roo_JavaBean.aj
/home/itux/Development/scrumTool/src/main/java/com/scrumtool/domain/Profile_Roo_ToString.aj
/home/itux/Development/scrumTool/src/main/java/com/scrumtool/web/ModuleController.java
/home/itux/Development/scrumTool/src/main/java/com/scrumtool/domain/TeamMember_Roo_Entity.aj
/home/itux/Development/scrumTool/src/main/java/com/scrumtool/web/BudgetController.java
/home/itux/Development/scrumTool/src/main/java/com/scrumtool/domain/Profile_Roo_Configurable.aj
/home/itux/Development/scrumTool/src/main/java/com/scrumtool/domain/DayOff_Roo_Configurable.aj
/home/itux/Development/scrumTool/src/main/java/com/scrumtool/domain/Holiday_Roo_JavaBean.aj
/home/itux/Development/scrumTool/src/main/java/com/scrumtool/domain/ManagementTask_Roo_JavaBean.aj
/home/itux/Development/scrumTool/src/main/java/com/scrumtool/domain/Holiday_Roo_Entity.aj
/home/itux/Development/scrumTool/src/main/java/com/scrumtool/domain/TeamMember_Roo_Configurable.aj
/home/itux/Development/scrumTool/src/main/java/com/scrumtool/domain/Release.java
/home/itux/Development/scrumTool/src/main/java/com/scrumtool/domain/ProductBacklog_Roo_Entity.aj
/home/itux/Development/scrumTool/src/main/java/com/scrumtool/domain/Profile_Roo_Entity.aj
/home/itux/Development/scrumTool/src/main/java/com/scrumtool/domain/SprintDay_Roo_ToString.aj
/home/itux/Development/scrumTool/src/main/java/com/scrumtool/domain/Sprint_Roo_Configurable.aj
/home/itux/Development/scrumTool/src/main/java/com/scrumtool/domain/User_Roo_Configurable.aj
/home/itux/Development/scrumTool/src/main/java/com/scrumtool/domain/Release_Roo_Entity.aj
/home/itux/Development/scrumTool/src/main/java/com/scrumtool/domain/Release_Roo_ToString.aj
/home/itux/Development/scrumTool/src/main/java/com/scrumtool/domain/ManagementTaskType_Roo_Configurable.aj
/home/itux/Development/scrumTool/src/main/java/com/scrumtool/domain/reference/IssueType.java
/home/itux/Development/scrumTool/src/main/java/com/scrumtool/web/IssueController.java
/home/itux/Development/scrumTool/src/main/java/com/scrumtool/web/ProfileController.java
/home/itux/Development/scrumTool/src/main/java/com/scrumtool/domain/Module_Roo_Configurable.aj
/home/itux/Development/scrumTool/src/main/java/com/scrumtool/domain/TeamMember_Roo_ToString.aj
/home/itux/Development/scrumTool/src/main/java/com/scrumtool/web/ManagemenTaskTypeController_Roo_Controller.aj
/home/itux/Development/scrumTool/src/main/java/com/scrumtool/domain/Task.java
/home/itux/Development/scrumTool/src/main/java/com/scrumtool/domain/Issue_Roo_JavaBean.aj
/home/itux/Development/scrumTool/src/main/java/com/scrumtool/web/SprintController.java
/home/itux/Development/scrumTool/src/main/java/com/scrumtool/web/ManagementTaskController.java
/home/itux/Development/scrumTool/src/main/java/com/scrumtool/domain/DevelopmentTask_Roo_JavaBean.aj
/home/itux/Development/scrumTool/src/main/java/com/scrumtool/domain/DevelopmentTask_Roo_ToString.aj
/home/itux/Development/scrumTool/src/main/java/com/scrumtool/domain/DevelopmentTask.java
/home/itux/Development/scrumTool/src/main/java/com/scrumtool/domain/reference/SprintStatus.java
/home/itux/Development/scrumTool/src/main/java/com/scrumtool/web/ApplicationConversionServiceFactoryBean_Roo_ConversionService.aj
/home/itux/Development/scrumTool/src/main/java/com/scrumtool/web/SprintController_Roo_Controller.aj
/home/itux/Development/scrumTool/src/main/java/com/scrumtool/domain/User_Roo_Entity.aj
/home/itux/Development/scrumTool/src/main/java/com/scrumtool/web/UserController.java
/home/itux/Development/scrumTool/src/main/java/com/scrumtool/domain/ManagementTaskType.java
/home/itux/Development/scrumTool/src/main/java/com/scrumtool/domain/Actual_Roo_ToString.aj
/home/itux/Development/scrumTool/src/main/java/com/scrumtool/domain/ManagementTask_Roo_ToString.aj
/home/itux/Development/scrumTool/src/main/java/com/scrumtool/domain/ManagementTaskType_Roo_Entity.aj
/home/itux/Development/scrumTool/src/main/java/com/scrumtool/domain/Location_Roo_Configurable.aj
/home/itux/Development/scrumTool/src/main/java/com/scrumtool/domain/DayOff_Roo_JavaBean.aj
/home/itux/Development/scrumTool/src/main/java/com/scrumtool/domain/reference/TeamMemberRole.java
/home/itux/Development/scrumTool/src/main/java/com/scrumtool/domain/ProductBacklog.java
/home/itux/Development/scrumTool/src/main/java/com/scrumtool/domain/Actual_Roo_Configurable.aj
/home/itux/Development/scrumTool/src/main/java/com/scrumtool/domain/Budget.java
/home/itux/Development/scrumTool/src/main/java/com/scrumtool/web/UserController_Roo_Controller.aj
/home/itux/Development/scrumTool/src/main/java/com/scrumtool/domain/ManagementTask_Roo_Configurable.aj
/home/itux/Development/scrumTool/src/main/java/com/scrumtool/web/SprintDayController_Roo_Controller.aj
/home/itux/Development/scrumTool/src/main/java/com/scrumtool/domain/Module_Roo_ToString.aj
/home/itux/Development/scrumTool/src/main/java/com/scrumtool/domain/Remaining_Roo_ToString.aj
/home/itux/Development/scrumTool/src/main/java/com/scrumtool/web/TeamMemberController.java
/home/itux/Development/scrumTool/src/main/java/com/scrumtool/domain/Location_Roo_ToString.aj
/home/itux/Development/scrumTool/src/main/java/com/scrumtool/web/PublicHolidayController.java
/home/itux/Development/scrumTool/src/main/java/com/scrumtool/domain/Remaining_Roo_Entity.aj
/home/itux/Development/scrumTool/src/main/java/com/scrumtool/domain/Sprint_Roo_Entity.aj
/home/itux/Development/scrumTool/src/main/java/com/scrumtool/domain/Budget_Roo_ToString.aj
/home/itux/Development/scrumTool/src/main/java/com/scrumtool/domain/Holiday_Roo_ToString.aj
/home/itux/Development/scrumTool/src/main/java/com/scrumtool/domain/DevelopmentTask_Roo_Entity.aj
/home/itux/Development/scrumTool/src/main/java/com/scrumtool/web/ReleaseController_Roo_Controller.aj
/home/itux/Development/scrumTool/src/main/java/com/scrumtool/domain/SprintDay_Roo_Configurable.aj
/home/itux/Development/scrumTool/src/main/java/com/scrumtool/domain/Task_Roo_JavaBean.aj
/home/itux/Development/scrumTool/src/main/java/com/scrumtool/domain/ManagementTask_Roo_Entity.aj
/home/itux/Development/scrumTool/src/main/java/com/scrumtool/domain/PublicHoliday_Roo_Entity.aj
/home/itux/Development/scrumTool/src/main/java/com/scrumtool/domain/Profile.java
/home/itux/Development/scrumTool/src/main/java/com/scrumtool/web/ActualController_Roo_Controller.aj
/home/itux/Development/scrumTool/src/main/java/com/scrumtool/web/JiraController.java
/home/itux/Development/scrumTool/src/main/java/com/scrumtool/domain/ProductBacklog_Roo_ToString.aj
/home/itux/Development/scrumTool/src/main/java/com/scrumtool/domain/DayOff_Roo_Entity.aj
/home/itux/Development/scrumTool/src/main/java/com/scrumtool/web/RemainingController_Roo_Controller.aj
/home/itux/Development/scrumTool/src/main/java/com/scrumtool/domain/Issue_Roo_Configurable.aj
/home/itux/Development/scrumTool/src/main/java/com/scrumtool/domain/Location_Roo_JavaBean.aj
/home/itux/Development/scrumTool/src/main/java/com/scrumtool/domain/DayOff.java
/home/itux/Development/scrumTool/src/main/java/com/scrumtool/domain/Holiday.java
/home/itux/Development/scrumTool/src/main/java/com/scrumtool/domain/Issue.java
/home/itux/Development/scrumTool/src/main/java/com/scrumtool/domain/Profile_Roo_JavaBean.aj
/home/itux/Development/scrumTool/src/main/java/com/scrumtool/web/DevelopmentTaskController_Roo_Controller.aj
/home/itux/Development/scrumTool/src/main/java/com/scrumtool/domain/ProductBacklog_Roo_JavaBean.aj
/home/itux/Development/scrumTool/src/main/java/com/scrumtool/domain/Module_Roo_JavaBean.aj
/home/itux/Development/scrumTool/src/main/java/com/scrumtool/domain/Release_Roo_Configurable.aj
/home/itux/Development/scrumTool/src/main/java/com/scrumtool/web/ProfileController_Roo_Controller.aj
/home/itux/Development/scrumTool/src/main/java/com/scrumtool/domain/Remaining_Roo_JavaBean.aj
/home/itux/Development/scrumTool/src/main/java/com/scrumtool/domain/Task_Roo_ToString.aj
/home/itux/Development/scrumTool/src/main/java/com/scrumtool/domain/Team_Roo_ToString.aj
/home/itux/Development/scrumTool/src/main/java/com/scrumtool/domain/Issue_Roo_ToString.aj
/home/itux/Development/scrumTool/src/main/java/com/scrumtool/domain/TeamMember_Roo_JavaBean.aj
/home/itux/Development/scrumTool/src/main/java/com/scrumtool/web/RemainingController.java
/home/itux/Development/scrumTool/src/main/java/com/scrumtool/domain/Module.java
/home/itux/Development/scrumTool/src/main/java/com/scrumtool/domain/User_Roo_JavaBean.aj
/home/itux/Development/scrumTool/src/main/java/com/scrumtool/web/IssueController_Roo_Controller.aj
/home/itux/Development/scrumTool/src/main/java/com/scrumtool/domain/TeamMember.java
/home/itux/Development/scrumTool/src/main/java/com/scrumtool/domain/Team_Roo_JavaBean.aj
/home/itux/Development/scrumTool/src/main/java/com/scrumtool/domain/Location_Roo_Entity.aj
/home/itux/Development/scrumTool/src/main/java/com/scrumtool/domain/Holiday_Roo_Configurable.aj
/home/itux/Development/scrumTool/src/main/java/com/scrumtool/domain/DayOff_Roo_ToString.aj
/home/itux/Development/scrumTool/src/main/java/com/scrumtool/web/SprintDayController.java
/home/itux/Development/scrumTool/src/main/java/com/scrumtool/domain/reference/EstimateType.java
/home/itux/Development/scrumTool/src/main/java/com/scrumtool/domain/Issue_Roo_Entity.aj
/home/itux/Development/scrumTool/src/main/java/com/scrumtool/web/EstimateController_Roo_Controller.aj
/home/itux/Development/scrumTool/src/main/java/com/scrumtool/web/ManagementTaskTypeController.java
/home/itux/Development/scrumTool/src/main/java/com/scrumtool/web/ReleaseController.java
/home/itux/Development/scrumTool/src/main/java/com/scrumtool/domain/Estimate_Roo_Configurable.aj
